ERROR: SQLSTATE[42000] [1049] Unknown database 'localhost' - /hub/login.php at Saturday 31st of December, 2016, 02:30:43 PM
ERROR: SQLSTATE[42000] [1049] Unknown database 'localhost' - /hub/login.php at Saturday 31st of December, 2016, 02:30:44 PM
ERROR: SQLSTATE[42000] [1049] Unknown database 'localhost' - /hub/login.php at Saturday 31st of December, 2016, 02:30:44 PM
ERROR: SQLSTATE[HY000] [2002] Can't connect to local MySQL server through socket '/var/lib/mysql/mysql.sock' (2) - /hub/ at Saturday 31st of December, 2016, 02:34:30 PM
ERROR: SQLSTATE[HY000] [2002] Can't connect to local MySQL server through socket '/var/lib/mysql/mysql.sock' (2) - /hub/ at Saturday 31st of December, 2016, 02:34:31 PM
ERROR: SQLSTATE[HY000] [1040] Too many connections - /hub/index.php at Saturday 14th of January, 2017, 09:04:50 PM
ERROR: SQLSTATE[HY000] [1040] Too many connections - /hub/index.php at Saturday 14th of January, 2017, 09:05:52 PM
ERROR: SQLSTATE[HY000] [1040] Too many connections - /hub/index.php at Saturday 14th of January, 2017, 09:06:59 PM
ERROR: SQLSTATE[HY000] [1040] Too many connections - /hub/index.php at Sunday 15th of January, 2017, 04:54:45 PM
ERROR: SQLSTATE[HY000] [1040] Too many connections - /hub/vipstress.php at Sunday 15th of January, 2017, 04:54:45 PM
ERROR: SQLSTATE[HY000] [1040] Too many connections - /hub/index.php at Sunday 15th of January, 2017, 04:55:06 PM
ERROR: SQLSTATE[HY000] [1040] Too many connections - /hub/index.php at Sunday 15th of January, 2017, 04:55:28 PM
ERROR: SQLSTATE[HY000] [1040] Too many connections - /hub/index.php at Sunday 15th of January, 2017, 04:56:07 PM
ERROR: SQLSTATE[HY000] [1040] Too many connections - /hub/vpn.php at Sunday 15th of January, 2017, 04:58:12 PM
ERROR: SQLSTATE[HY000] [1040] Too many connections - /hub/index.php at Monday 23rd of January, 2017, 03:47:10 AM
ERROR: SQLSTATE[HY000] [1040] Too many connections - /hub/index.php at Monday 23rd of January, 2017, 03:47:14 AM
ERROR: SQLSTATE[HY000] [1040] Too many connections - /hub/index.php at Monday 23rd of January, 2017, 03:47:15 AM
ERROR: SQLSTATE[HY000] [1040] Too many connections - /hub/login.php at Monday 23rd of January, 2017, 03:47:27 AM
ERROR: SQLSTATE[HY000] [1040] Too many connections - /hub/purchase.php at Monday 23rd of January, 2017, 03:47:38 AM
ERROR: SQLSTATE[HY000] [1040] Too many connections - /hub/login.php at Monday 23rd of January, 2017, 03:50:15 AM
ERROR: SQLSTATE[HY000] [1040] Too many connections - /hub/index.php at Monday 23rd of January, 2017, 03:52:06 AM
ERROR: SQLSTATE[HY000] [1040] Too many connections - /hub/vipstress.php at Monday 23rd of January, 2017, 03:52:09 AM
ERROR: SQLSTATE[HY000] [1040] Too many connections - /hub/stress.php at Monday 23rd of January, 2017, 03:52:20 AM
ERROR: SQLSTATE[HY000] [1040] Too many connections - /hub/login.php at Monday 23rd of January, 2017, 03:52:32 AM
ERROR: SQLSTATE[HY000] [1040] Too many connections - /hub/login.php at Monday 23rd of January, 2017, 03:52:37 AM
ERROR: SQLSTATE[HY000] [1040] Too many connections - /hub/login.php at Monday 23rd of January, 2017, 03:52:54 AM
ERROR: SQLSTATE[HY000] [1040] Too many connections - /hub/login.php at Monday 23rd of January, 2017, 03:53:07 AM
ERROR: SQLSTATE[HY000] [1040] Too many connections - /hub/ at Monday 23rd of January, 2017, 03:53:11 AM
ERROR: SQLSTATE[HY000] [1040] Too many connections - /hub/login.php at Monday 23rd of January, 2017, 03:53:21 AM
ERROR: SQLSTATE[HY000] [1040] Too many connections - /hub/login.php at Monday 23rd of January, 2017, 03:53:31 AM
ERROR: SQLSTATE[HY000] [1040] Too many connections - /hub/stress.php at Monday 23rd of January, 2017, 03:53:47 AM
ERROR: SQLSTATE[HY000] [1040] Too many connections - /hub/login.php at Monday 23rd of January, 2017, 03:53:58 AM
ERROR: SQLSTATE[HY000] [1040] Too many connections - /hub/login.php at Monday 23rd of January, 2017, 03:54:16 AM
ERROR: SQLSTATE[HY000] [1040] Too many connections - /hub/login.php at Monday 23rd of January, 2017, 03:54:48 AM
ERROR: SQLSTATE[HY000] [1040] Too many connections - /hub/login.php at Monday 23rd of January, 2017, 03:54:52 AM
ERROR: SQLSTATE[HY000] [1040] Too many connections - /hub/login.php at Monday 23rd of January, 2017, 03:57:26 AM
ERROR: SQLSTATE[HY000] [1040] Too many connections - /hub/login.php at Monday 23rd of January, 2017, 03:57:28 AM
ERROR: SQLSTATE[HY000] [1040] Too many connections - /hub/login.php at Monday 23rd of January, 2017, 03:57:54 AM
ERROR: SQLSTATE[HY000] [1040] Too many connections - /hub/login.php at Monday 23rd of January, 2017, 03:58:13 AM
ERROR: SQLSTATE[HY000] [1040] Too many connections - /hub/ at Monday 23rd of January, 2017, 03:58:20 AM
ERROR: SQLSTATE[HY000] [1040] Too many connections - /hub/login.php at Monday 23rd of January, 2017, 03:58:22 AM
ERROR: SQLSTATE[HY000] [1040] Too many connections - /hub/ at Monday 23rd of January, 2017, 03:58:23 AM
ERROR: SQLSTATE[HY000] [1040] Too many connections - /hub/register.php at Monday 23rd of January, 2017, 03:58:46 AM
ERROR: SQLSTATE[HY000] [1040] Too many connections - /hub/vipstress.php at Sunday 5th of February, 2017, 12:16:50 AM
ERROR: SQLSTATE[HY000] [1040] Too many connections - /hub/stress.php at Thursday 9th of February, 2017, 02:06:27 AM
ERROR: SQLSTATE[HY000] [1040] Too many connections - /hub/vipstress.php at Thursday 9th of February, 2017, 08:23:50 PM
ERROR: SQLSTATE[HY000] [1040] Too many connections - /hub/stress.php at Thursday 9th of February, 2017, 08:23:50 PM
ERROR: SQLSTATE[HY000] [1040] Too many connections - /hub/index.php at Saturday 18th of February, 2017, 08:14:22 PM
ERROR: SQLSTATE[HY000] [1040] Too many connections - /hub/ at Saturday 18th of February, 2017, 08:19:25 PM
ERROR: SQLSTATE[HY000] [1040] Too many connections - /hub/stress.php at Saturday 18th of February, 2017, 08:19:27 PM
ERROR: SQLSTATE[HY000] [1040] Too many connections - /hub/stress.php at Saturday 18th of February, 2017, 08:22:12 PM
ERROR: SQLSTATE[HY000] [1040] Too many connections - /hub/stress.php at Saturday 18th of February, 2017, 08:26:19 PM
ERROR: SQLSTATE[HY000] [1040] Too many connections - /hub/ at Saturday 18th of February, 2017, 08:26:39 PM
ERROR: SQLSTATE[HY000] [1040] Too many connections - /hub/stress.php at Saturday 18th of February, 2017, 08:26:45 PM
ERROR: SQLSTATE[HY000] [1040] Too many connections - /hub/stress.php at Saturday 18th of February, 2017, 08:27:09 PM
ERROR: SQLSTATE[HY000] [1040] Too many connections - /hub/ at Saturday 18th of February, 2017, 08:27:10 PM
ERROR: SQLSTATE[HY000] [1040] Too many connections - /hub/stress.php at Saturday 18th of February, 2017, 08:27:14 PM
ERROR: SQLSTATE[HY000] [1040] Too many connections - /hub/ at Saturday 18th of February, 2017, 08:32:34 PM
ERROR: SQLSTATE[HY000] [1040] Too many connections - /hub/stress.php at Saturday 18th of February, 2017, 08:36:31 PM
ERROR: SQLSTATE[HY000] [1040] Too many connections - /hub/index.php at Saturday 18th of February, 2017, 08:36:37 PM
ERROR: SQLSTATE[HY000] [1040] Too many connections - /hub/stress.php at Saturday 18th of February, 2017, 08:43:59 PM
ERROR: SQLSTATE[HY000] [1040] Too many connections - /hub/tools.php at Saturday 18th of February, 2017, 08:47:23 PM
ERROR: SQLSTATE[HY000] [1040] Too many connections - /hub/tools.php at Saturday 18th of February, 2017, 08:47:26 PM
ERROR: SQLSTATE[HY000] [1040] Too many connections - /hub/login.php at Saturday 18th of February, 2017, 08:48:20 PM
ERROR: SQLSTATE[HY000] [1040] Too many connections - /hub/stress.php at Saturday 18th of February, 2017, 08:48:55 PM
ERROR: SQLSTATE[HY000] [1040] Too many connections - /hub/stress.php at Saturday 18th of February, 2017, 08:49:30 PM
ERROR: SQLSTATE[HY000] [1040] Too many connections - /hub/index.php at Saturday 18th of February, 2017, 08:54:32 PM
ERROR: SQLSTATE[HY000] [1040] Too many connections - /hub/login.php at Saturday 18th of February, 2017, 08:58:10 PM
ERROR: SQLSTATE[HY000] [1040] Too many connections - /hub/index.php at Saturday 18th of February, 2017, 09:25:28 PM
ERROR: SQLSTATE[HY000] [1040] Too many connections - /hub/index.php at Saturday 18th of February, 2017, 09:31:34 PM
ERROR: SQLSTATE[HY000] [1040] Too many connections - /hub/tickets_1.php at Saturday 18th of February, 2017, 09:31:44 PM
ERROR: SQLSTATE[HY000] [1040] Too many connections - /hub/index.php at Saturday 18th of February, 2017, 09:31:46 PM
ERROR: SQLSTATE[HY000] [1040] Too many connections - /hub/vipstress.php at Saturday 18th of February, 2017, 09:31:48 PM
ERROR: SQLSTATE[HY000] [1040] Too many connections - /hub/vipstress.php at Saturday 18th of February, 2017, 09:31:49 PM
ERROR: SQLSTATE[HY000] [1040] Too many connections - /hub/ at Saturday 18th of February, 2017, 09:31:59 PM
ERROR: SQLSTATE[HY000] [1040] Too many connections - /hub/ at Saturday 18th of February, 2017, 09:32:02 PM
ERROR: SQLSTATE[HY000] [1040] Too many connections - /hub/stress.php at Saturday 18th of February, 2017, 09:32:04 PM
ERROR: SQLSTATE[HY000] [1040] Too many connections - /hub/ at Saturday 18th of February, 2017, 09:32:11 PM
ERROR: SQLSTATE[HY000] [1040] Too many connections - /hub/view.php?id=151 at Saturday 18th of February, 2017, 09:32:54 PM
ERROR: SQLSTATE[HY000] [1040] Too many connections - /hub/stress.php at Saturday 18th of February, 2017, 09:45:48 PM
ERROR: SQLSTATE[HY000] [1040] Too many connections - /hub/ at Saturday 18th of February, 2017, 10:02:55 PM
ERROR: SQLSTATE[HY000] [1040] Too many connections - /hub/index.php at Saturday 18th of February, 2017, 10:04:40 PM
ERROR: SQLSTATE[HY000] [1040] Too many connections - /hub/stress.php at Saturday 18th of February, 2017, 10:06:12 PM
ERROR: SQLSTATE[HY000] [1040] Too many connections - /hub/vipstress.php at Saturday 18th of February, 2017, 10:07:21 PM
ERROR: SQLSTATE[HY000] [1040] Too many connections - /hub/index.php at Saturday 18th of February, 2017, 10:13:20 PM
ERROR: SQLSTATE[HY000] [1040] Too many connections - /hub/login.php at Saturday 18th of February, 2017, 10:17:09 PM
ERROR: SQLSTATE[HY000] [1040] Too many connections - /hub/stress.php at Saturday 18th of February, 2017, 10:52:12 PM
ERROR: SQLSTATE[HY000] [1040] Too many connections - /hub/stress.php at Saturday 18th of February, 2017, 10:59:26 PM
ERROR: SQLSTATE[HY000] [1040] Too many connections - /hub/index.php at Saturday 18th of February, 2017, 11:00:28 PM
ERROR: SQLSTATE[HY000] [1040] Too many connections - /hub/vipstress.php at Saturday 18th of February, 2017, 11:00:31 PM
ERROR: SQLSTATE[HY000] [1040] Too many connections - /hub/stress.php at Saturday 18th of February, 2017, 11:04:05 PM
ERROR: SQLSTATE[HY000] [1040] Too many connections - /hub/stress.php at Saturday 18th of February, 2017, 11:04:50 PM
ERROR: SQLSTATE[HY000] [1040] Too many connections - /hub/stress.php at Saturday 18th of February, 2017, 11:07:51 PM
ERROR: SQLSTATE[HY000] [1040] Too many connections - /hub/stress.php at Saturday 18th of February, 2017, 11:07:56 PM
ERROR: SQLSTATE[HY000] [2002] Can't connect to local MySQL server through socket '/var/lib/mysql/mysql.sock' (2) - /hub/login.php at Wednesday 22nd of February, 2017, 07:42:57 PM
ERROR: SQLSTATE[HY000] [2002] Can't connect to local MySQL server through socket '/var/lib/mysql/mysql.sock' (2) - /hub/login.php at Wednesday 22nd of February, 2017, 08:08:49 PM
ERROR: SQLSTATE[HY000] [1040] Too many connections - /hub/index.php at Sunday 26th of February, 2017, 07:14:45 PM
ERROR: SQLSTATE[HY000] [1040] Too many connections - /hub/vipstress.php at Sunday 26th of February, 2017, 07:23:38 PM
ERROR: SQLSTATE[HY000] [1040] Too many connections - /hub/index.php at Sunday 26th of February, 2017, 07:40:59 PM
ERROR: SQLSTATE[HY000] [1040] Too many connections - /hub/vipstress.php at Sunday 26th of February, 2017, 07:41:18 PM
ERROR: SQLSTATE[HY000] [1040] Too many connections - /hub/index.php at Sunday 26th of February, 2017, 07:41:19 PM
ERROR: SQLSTATE[HY000] [1040] Too many connections - /hub/ at Sunday 26th of February, 2017, 07:41:21 PM
ERROR: SQLSTATE[HY000] [1040] Too many connections - /hub/login.php at Sunday 26th of February, 2017, 07:44:31 PM
ERROR: SQLSTATE[HY000] [1040] Too many connections - /hub/login.php at Sunday 26th of February, 2017, 07:48:41 PM
ERROR: SQLSTATE[HY000] [1040] Too many connections - /hub/ at Sunday 26th of February, 2017, 07:48:42 PM
ERROR: SQLSTATE[HY000] [1040] Too many connections - /hub/stress_simple.php at Friday 3rd of March, 2017, 09:28:36 AM
ERROR: SQLSTATE[HY000] [1040] Too many connections - /hub/login.php at Saturday 4th of March, 2017, 09:55:25 PM
ERROR: SQLSTATE[HY000] [1040] Too many connections - /hub/index.php at Saturday 4th of March, 2017, 09:55:26 PM
ERROR: SQLSTATE[HY000] [1040] Too many connections - /hub/stress.php at Tuesday 7th of March, 2017, 12:21:15 AM
ERROR: SQLSTATE[HY000] [1040] Too many connections - /hub/stress.php at Tuesday 7th of March, 2017, 12:21:19 AM
ERROR: SQLSTATE[HY000] [1040] Too many connections - /hub/stress.php at Tuesday 7th of March, 2017, 01:17:54 AM
ERROR: SQLSTATE[HY000] [1040] Too many connections - /hub/tickets_1.php at Tuesday 7th of March, 2017, 01:18:03 AM
ERROR: SQLSTATE[HY000] [1040] Too many connections - /hub/purchase.php at Tuesday 7th of March, 2017, 01:18:35 AM
ERROR: SQLSTATE[HY000] [1040] Too many connections - /hub/purchase.php at Tuesday 7th of March, 2017, 01:18:48 AM
ERROR: SQLSTATE[HY000] [1040] Too many connections - /hub/stress.php at Tuesday 7th of March, 2017, 01:18:49 AM
ERROR: SQLSTATE[HY000] [1040] Too many connections - /hub/login.php at Tuesday 7th of March, 2017, 01:23:59 AM
ERROR: SQLSTATE[HY000] [1040] Too many connections - /hub/view.php?id=221 at Tuesday 7th of March, 2017, 01:24:31 AM
ERROR: SQLSTATE[HY000] [1040] Too many connections - /hub/index.php at Tuesday 7th of March, 2017, 01:26:32 AM
ERROR: SQLSTATE[HY000] [1040] Too many connections - /hub/index.php at Friday 10th of March, 2017, 05:32:04 PM
ERROR: SQLSTATE[HY000] [1040] Too many connections - /hub/login.php at Friday 10th of March, 2017, 05:32:04 PM
ERROR: SQLSTATE[HY000] [1040] Too many connections - /hub/index.php at Friday 10th of March, 2017, 05:32:06 PM
ERROR: SQLSTATE[HY000] [1040] Too many connections - /hub/index.php at Saturday 11th of March, 2017, 04:51:56 PM
ERROR: SQLSTATE[HY000] [1040] Too many connections - /hub/stress.php at Saturday 11th of March, 2017, 04:51:59 PM
ERROR: SQLSTATE[HY000] [1040] Too many connections - /hub/skyperesolver.php at Saturday 11th of March, 2017, 04:52:01 PM
ERROR: SQLSTATE[HY000] [1040] Too many connections - /hub/login.php at Saturday 11th of March, 2017, 04:52:08 PM
ERROR: SQLSTATE[HY000] [1040] Too many connections - /hub/ at Saturday 11th of March, 2017, 04:52:08 PM
ERROR: SQLSTATE[HY000] [1040] Too many connections - /hub/index.php at Saturday 11th of March, 2017, 04:52:56 PM
ERROR: SQLSTATE[HY000] [1040] Too many connections - /hub/tools.php at Saturday 11th of March, 2017, 04:52:58 PM
ERROR: SQLSTATE[HY000] [1040] Too many connections - /hub/index.php at Saturday 11th of March, 2017, 05:12:02 PM
ERROR: SQLSTATE[HY000] [1040] Too many connections - /hub/index.php at Saturday 11th of March, 2017, 05:13:06 PM
ERROR: SQLSTATE[HY000] [1040] Too many connections - /hub/index.php at Saturday 11th of March, 2017, 05:13:07 PM
ERROR: SQLSTATE[HY000] [1040] Too many connections - /hub/login.php at Saturday 11th of March, 2017, 05:13:33 PM
ERROR: SQLSTATE[HY000] [1040] Too many connections - /hub/index.php at Saturday 11th of March, 2017, 05:14:42 PM
ERROR: SQLSTATE[HY000] [1040] Too many connections - /hub/index.php at Saturday 11th of March, 2017, 05:15:27 PM
ERROR: SQLSTATE[HY000] [1040] Too many connections - /hub/index.php at Saturday 11th of March, 2017, 05:15:38 PM
ERROR: SQLSTATE[HY000] [1040] Too many connections - /hub/index.php at Saturday 11th of March, 2017, 05:16:22 PM
ERROR: SQLSTATE[HY000] [1040] Too many connections - /hub/index.php at Saturday 11th of March, 2017, 05:21:33 PM
ERROR: SQLSTATE[HY000] [1040] Too many connections - /hub/index.php at Saturday 11th of March, 2017, 05:21:38 PM
ERROR: SQLSTATE[HY000] [1040] Too many connections - /hub/ at Saturday 11th of March, 2017, 05:21:48 PM
ERROR: SQLSTATE[HY000] [1040] Too many connections - /hub/ at Saturday 11th of March, 2017, 05:22:08 PM
ERROR: SQLSTATE[HY000] [1040] Too many connections - /hub/login.php at Saturday 11th of March, 2017, 05:22:43 PM
ERROR: SQLSTATE[HY000] [1040] Too many connections - /hub/stress.php at Saturday 11th of March, 2017, 05:24:33 PM
ERROR: SQLSTATE[HY000] [1040] Too many connections - /hub/index.php at Saturday 11th of March, 2017, 05:24:43 PM
ERROR: SQLSTATE[HY000] [1040] Too many connections - /hub/login.php at Saturday 11th of March, 2017, 05:33:41 PM
ERROR: SQLSTATE[HY000] [1040] Too many connections - /hub/index.php at Saturday 11th of March, 2017, 05:34:01 PM
ERROR: SQLSTATE[HY000] [1040] Too many connections - /hub/index.php at Saturday 11th of March, 2017, 06:25:38 PM
ERROR: SQLSTATE[HY000] [1040] Too many connections - /hub/index.php at Saturday 11th of March, 2017, 06:25:41 PM
ERROR: SQLSTATE[HY000] [1040] Too many connections - /hub/index.php at Saturday 11th of March, 2017, 06:25:47 PM
ERROR: SQLSTATE[HY000] [1040] Too many connections - /hub/index.php at Saturday 11th of March, 2017, 07:04:41 PM
ERROR: SQLSTATE[HY000] [1040] Too many connections - /hub/index.php at Saturday 11th of March, 2017, 07:04:56 PM
ERROR: SQLSTATE[HY000] [1040] Too many connections - /hub/tools.php at Saturday 11th of March, 2017, 07:05:11 PM
ERROR: SQLSTATE[HY000] [1040] Too many connections - /hub/index.php at Saturday 11th of March, 2017, 07:06:21 PM
ERROR: SQLSTATE[HY000] [1040] Too many connections - /hub/index.php at Saturday 11th of March, 2017, 07:06:24 PM
ERROR: SQLSTATE[HY000] [1040] Too many connections - /hub/index.php at Saturday 11th of March, 2017, 07:06:30 PM
ERROR: SQLSTATE[HY000] [1040] Too many connections - /hub/index.php at Saturday 11th of March, 2017, 07:17:21 PM
ERROR: SQLSTATE[HY000] [1040] Too many connections - /hub/index.php at Saturday 11th of March, 2017, 07:17:26 PM
ERROR: SQLSTATE[HY000] [1040] Too many connections - /hub/index.php at Saturday 11th of March, 2017, 07:17:37 PM
ERROR: SQLSTATE[HY000] [1040] Too many connections - /hub/login.php at Saturday 11th of March, 2017, 07:18:01 PM
ERROR: SQLSTATE[HY000] [1040] Too many connections - /hub/index.php at Saturday 11th of March, 2017, 07:19:01 PM
ERROR: SQLSTATE[HY000] [1040] Too many connections - /hub/index.php at Saturday 11th of March, 2017, 07:25:55 PM
ERROR: SQLSTATE[HY000] [1040] Too many connections - /hub/index.php at Saturday 11th of March, 2017, 07:26:01 PM
ERROR: SQLSTATE[HY000] [1040] Too many connections - /hub/index.php at Saturday 11th of March, 2017, 07:38:11 PM
ERROR: SQLSTATE[HY000] [1040] Too many connections - /hub/index.php at Saturday 11th of March, 2017, 07:40:46 PM
ERROR: SQLSTATE[HY000] [1040] Too many connections - /hub/login.php at Saturday 11th of March, 2017, 07:44:01 PM
ERROR: SQLSTATE[HY000] [1040] Too many connections - /hub/stress.php at Saturday 11th of March, 2017, 07:44:11 PM
ERROR: SQLSTATE[HY000] [1040] Too many connections - /hub/index.php at Saturday 11th of March, 2017, 07:45:22 PM
ERROR: SQLSTATE[HY000] [1040] Too many connections - /hub/index.php at Saturday 11th of March, 2017, 08:25:17 PM
ERROR: SQLSTATE[HY000] [1040] Too many connections - /hub/index.php at Saturday 11th of March, 2017, 08:25:33 PM
ERROR: SQLSTATE[HY000] [1040] Too many connections - /hub/index.php at Saturday 11th of March, 2017, 08:26:08 PM
ERROR: SQLSTATE[HY000] [1040] Too many connections - /hub/index.php at Saturday 11th of March, 2017, 08:26:13 PM
ERROR: SQLSTATE[HY000] [1040] Too many connections - /hub/index.php at Saturday 11th of March, 2017, 08:27:01 PM
ERROR: SQLSTATE[HY000] [1040] Too many connections - /hub/index.php at Saturday 11th of March, 2017, 08:27:05 PM
ERROR: SQLSTATE[HY000] [1040] Too many connections - /hub/index.php at Saturday 11th of March, 2017, 08:27:05 PM
ERROR: SQLSTATE[HY000] [1040] Too many connections - /hub/index.php at Saturday 11th of March, 2017, 08:27:09 PM
ERROR: SQLSTATE[HY000] [1040] Too many connections - /hub/index.php at Saturday 11th of March, 2017, 08:37:34 PM
ERROR: SQLSTATE[HY000] [1040] Too many connections - /hub/index.php at Saturday 11th of March, 2017, 08:37:35 PM
ERROR: SQLSTATE[HY000] [1040] Too many connections - /hub/index.php at Saturday 11th of March, 2017, 08:37:35 PM
ERROR: SQLSTATE[HY000] [1040] Too many connections - /hub/index.php at Saturday 11th of March, 2017, 08:37:35 PM
ERROR: SQLSTATE[HY000] [1040] Too many connections - /hub/index.php at Saturday 11th of March, 2017, 08:58:32 PM
ERROR: SQLSTATE[HY000] [1040] Too many connections - /hub/index.php at Saturday 11th of March, 2017, 08:59:02 PM
ERROR: SQLSTATE[HY000] [1040] Too many connections - /hub/index.php at Saturday 11th of March, 2017, 08:59:03 PM
ERROR: SQLSTATE[HY000] [1040] Too many connections - /hub/login.php at Saturday 11th of March, 2017, 08:59:11 PM
ERROR: SQLSTATE[HY000] [1040] Too many connections - /hub/login.php at Saturday 11th of March, 2017, 08:59:16 PM
ERROR: SQLSTATE[HY000] [1040] Too many connections - /hub/stress.php at Saturday 11th of March, 2017, 09:29:33 PM
ERROR: SQLSTATE[HY000] [1040] Too many connections - /hub/stress.php at Saturday 11th of March, 2017, 09:29:34 PM
ERROR: SQLSTATE[HY000] [1040] Too many connections - /hub/index.php at Saturday 11th of March, 2017, 09:29:34 PM
ERROR: SQLSTATE[HY000] [1040] Too many connections - /hub/stress.php at Saturday 11th of March, 2017, 09:29:35 PM
ERROR: SQLSTATE[HY000] [1040] Too many connections - /hub/index.php at Saturday 11th of March, 2017, 09:29:36 PM
ERROR: SQLSTATE[HY000] [1040] Too many connections - /hub/login.php at Saturday 11th of March, 2017, 09:29:37 PM
ERROR: SQLSTATE[HY000] [1040] Too many connections - /hub/ at Saturday 11th of March, 2017, 09:29:38 PM
ERROR: SQLSTATE[HY000] [1040] Too many connections - /hub/index.php at Saturday 11th of March, 2017, 09:29:38 PM
ERROR: SQLSTATE[HY000] [1040] Too many connections - /hub/stress.php at Saturday 11th of March, 2017, 09:29:47 PM
ERROR: SQLSTATE[HY000] [1040] Too many connections - /hub/ at Saturday 11th of March, 2017, 09:29:57 PM
ERROR: SQLSTATE[HY000] [1040] Too many connections - /hub/index.php at Saturday 11th of March, 2017, 09:30:00 PM
ERROR: SQLSTATE[HY000] [1040] Too many connections - /hub/ at Saturday 11th of March, 2017, 09:30:03 PM
ERROR: SQLSTATE[HY000] [1040] Too many connections - /hub/index.php at Saturday 11th of March, 2017, 09:30:03 PM
ERROR: SQLSTATE[HY000] [1040] Too many connections - /hub/stress.php at Saturday 11th of March, 2017, 09:30:09 PM
ERROR: SQLSTATE[HY000] [1040] Too many connections - /hub/register.php at Saturday 11th of March, 2017, 09:31:59 PM
ERROR: SQLSTATE[HY000] [1040] Too many connections - /hub/stress.php at Saturday 11th of March, 2017, 09:32:15 PM
ERROR: SQLSTATE[HY000] [1040] Too many connections - /hub/stress.php at Saturday 11th of March, 2017, 09:32:39 PM
ERROR: SQLSTATE[HY000] [1040] Too many connections - /hub/login.php at Saturday 11th of March, 2017, 09:32:42 PM
ERROR: SQLSTATE[HY000] [1040] Too many connections - /hub/ at Saturday 11th of March, 2017, 09:32:43 PM
ERROR: SQLSTATE[HY000] [1040] Too many connections - /hub/stress.php at Saturday 11th of March, 2017, 09:32:45 PM
ERROR: SQLSTATE[HY000] [1040] Too many connections - /hub/stress.php at Saturday 11th of March, 2017, 09:33:13 PM
ERROR: SQLSTATE[HY000] [1040] Too many connections - /hub/stress.php at Saturday 11th of March, 2017, 09:33:21 PM
ERROR: SQLSTATE[HY000] [1040] Too many connections - /hub/ at Saturday 11th of March, 2017, 09:33:21 PM
ERROR: SQLSTATE[HY000] [1040] Too many connections - /hub/stress.php at Saturday 11th of March, 2017, 09:33:27 PM
ERROR: SQLSTATE[HY000] [1040] Too many connections - /hub/register.php at Saturday 11th of March, 2017, 09:33:35 PM
ERROR: SQLSTATE[HY000] [1040] Too many connections - /hub/stress.php at Saturday 11th of March, 2017, 09:33:35 PM
ERROR: SQLSTATE[HY000] [1040] Too many connections - /hub/stress.php at Saturday 11th of March, 2017, 09:33:35 PM
ERROR: SQLSTATE[HY000] [1040] Too many connections - /hub/index.php at Saturday 11th of March, 2017, 09:33:35 PM
ERROR: SQLSTATE[HY000] [1040] Too many connections - /hub/stress.php at Saturday 11th of March, 2017, 09:49:04 PM
ERROR: SQLSTATE[HY000] [1040] Too many connections - /hub/tos.php at Saturday 11th of March, 2017, 09:59:39 PM
ERROR: SQLSTATE[HY000] [1040] Too many connections - /hub/ at Saturday 11th of March, 2017, 10:00:18 PM
ERROR: SQLSTATE[HY000] [1040] Too many connections - /hub/ at Saturday 11th of March, 2017, 10:00:25 PM
ERROR: SQLSTATE[HY000] [1040] Too many connections - /hub/index.php at Saturday 11th of March, 2017, 11:06:27 PM
ERROR: SQLSTATE[HY000] [1040] Too many connections - /hub/index.php at Saturday 11th of March, 2017, 11:07:05 PM
ERROR: SQLSTATE[HY000] [1040] Too many connections - /hub/index.php at Saturday 11th of March, 2017, 11:07:12 PM
ERROR: SQLSTATE[HY000] [1040] Too many connections - /hub/index.php at Saturday 11th of March, 2017, 11:07:28 PM
ERROR: SQLSTATE[HY000] [1040] Too many connections - /hub/index.php at Saturday 11th of March, 2017, 11:08:48 PM
ERROR: SQLSTATE[HY000] [1040] Too many connections - /hub/index.php at Saturday 11th of March, 2017, 11:10:19 PM
ERROR: SQLSTATE[HY000] [1040] Too many connections - /hub/stress.php at Saturday 11th of March, 2017, 11:10:24 PM
ERROR: SQLSTATE[HY000] [1040] Too many connections - /hub/index.php at Saturday 11th of March, 2017, 11:17:53 PM
ERROR: SQLSTATE[HY000] [1040] Too many connections - /hub/index.php at Saturday 11th of March, 2017, 11:18:12 PM
ERROR: SQLSTATE[HY000] [1040] Too many connections - /hub/index.php at Saturday 11th of March, 2017, 11:18:17 PM
ERROR: SQLSTATE[HY000] [1040] Too many connections - /hub/index.php at Saturday 11th of March, 2017, 11:18:27 PM
ERROR: SQLSTATE[HY000] [1040] Too many connections - /hub/index.php at Saturday 11th of March, 2017, 11:18:52 PM
ERROR: SQLSTATE[HY000] [1040] Too many connections - /hub/index.php at Saturday 11th of March, 2017, 11:20:27 PM
ERROR: SQLSTATE[HY000] [1040] Too many connections - /hub/index.php at Saturday 11th of March, 2017, 11:35:09 PM
ERROR: SQLSTATE[HY000] [1040] Too many connections - /hub/index.php at Saturday 11th of March, 2017, 11:56:12 PM
ERROR: SQLSTATE[HY000] [1040] Too many connections - //hub/index.php at Saturday 11th of March, 2017, 11:57:45 PM
ERROR: SQLSTATE[HY000] [1040] Too many connections - /hub/index.php at Saturday 11th of March, 2017, 11:58:45 PM
ERROR: SQLSTATE[HY000] [1040] Too many connections - /hub/index.php at Saturday 11th of March, 2017, 11:59:06 PM
ERROR: SQLSTATE[HY000] [1040] Too many connections - /hub/tools.php at Sunday 12th of March, 2017, 12:01:23 AM
ERROR: SQLSTATE[HY000] [1040] Too many connections - /hub/index.php at Sunday 12th of March, 2017, 12:05:18 AM
ERROR: SQLSTATE[HY000] [1040] Too many connections - /hub/index.php at Sunday 12th of March, 2017, 12:05:18 AM
ERROR: SQLSTATE[HY000] [1040] Too many connections - /hub/ at Sunday 12th of March, 2017, 12:05:25 AM
ERROR: SQLSTATE[HY000] [1040] Too many connections - /hub/ at Sunday 12th of March, 2017, 12:05:30 AM
ERROR: SQLSTATE[HY000] [1040] Too many connections - /hub/index.php at Sunday 12th of March, 2017, 12:06:48 AM
ERROR: SQLSTATE[HY000] [1040] Too many connections - /hub/index.php at Sunday 12th of March, 2017, 12:07:50 AM
ERROR: SQLSTATE[HY000] [1040] Too many connections - /hub/ at Sunday 12th of March, 2017, 12:08:00 AM
ERROR: SQLSTATE[HY000] [1040] Too many connections - /hub/index.php at Sunday 12th of March, 2017, 12:09:25 AM
ERROR: SQLSTATE[HY000] [1040] Too many connections - /hub/index.php at Sunday 12th of March, 2017, 12:09:40 AM
ERROR: SQLSTATE[HY000] [1040] Too many connections - /hub/tools.php at Sunday 12th of March, 2017, 12:09:50 AM
ERROR: SQLSTATE[HY000] [1040] Too many connections - /hub/index.php at Sunday 12th of March, 2017, 12:09:50 AM
ERROR: SQLSTATE[HY000] [1040] Too many connections - /hub/index.php at Sunday 12th of March, 2017, 12:10:05 AM
ERROR: SQLSTATE[HY000] [1040] Too many connections - /hub/index.php at Sunday 12th of March, 2017, 12:10:40 AM
ERROR: SQLSTATE[HY000] [1040] Too many connections - /hub/index.php at Sunday 12th of March, 2017, 12:11:43 AM
ERROR: SQLSTATE[HY000] [1040] Too many connections - /hub/index.php at Sunday 12th of March, 2017, 12:35:03 AM
ERROR: SQLSTATE[HY000] [1040] Too many connections - /hub/index.php at Sunday 12th of March, 2017, 12:36:54 AM
ERROR: SQLSTATE[HY000] [1040] Too many connections - /hub/index.php at Sunday 12th of March, 2017, 12:36:54 AM
ERROR: SQLSTATE[HY000] [1040] Too many connections - /hub/index.php at Sunday 12th of March, 2017, 12:37:50 AM
ERROR: SQLSTATE[HY000] [1040] Too many connections - /hub/index.php at Sunday 12th of March, 2017, 12:38:23 AM
ERROR: SQLSTATE[HY000] [1040] Too many connections - /hub/skyperesolver.php at Sunday 12th of March, 2017, 12:38:28 AM
ERROR: SQLSTATE[HY000] [1040] Too many connections - /hub/index.php at Sunday 12th of March, 2017, 12:38:48 AM
ERROR: SQLSTATE[HY000] [1040] Too many connections - /hub/index.php at Sunday 12th of March, 2017, 12:39:23 AM
ERROR: SQLSTATE[HY000] [1040] Too many connections - /hub/index.php at Sunday 12th of March, 2017, 12:44:33 AM
ERROR: SQLSTATE[HY000] [1040] Too many connections - /hub/index.php at Sunday 12th of March, 2017, 12:45:03 AM
ERROR: SQLSTATE[HY000] [1040] Too many connections - /hub/ at Sunday 12th of March, 2017, 12:45:18 AM
ERROR: SQLSTATE[HY000] [1040] Too many connections - /hub/tools.php at Sunday 12th of March, 2017, 12:47:18 AM
ERROR: SQLSTATE[HY000] [1040] Too many connections - /hub/index.php at Sunday 12th of March, 2017, 03:35:06 AM
ERROR: SQLSTATE[HY000] [1040] Too many connections - /hub/index.php at Sunday 12th of March, 2017, 03:35:26 AM
ERROR: SQLSTATE[HY000] [1040] Too many connections - /hub/index.php at Sunday 12th of March, 2017, 01:26:25 PM
ERROR: SQLSTATE[HY000] [1040] Too many connections - /hub/login.php at Sunday 12th of March, 2017, 01:27:04 PM
ERROR: SQLSTATE[HY000] [1040] Too many connections - /hub/index.php at Sunday 12th of March, 2017, 01:28:29 PM
ERROR: SQLSTATE[HY000] [1040] Too many connections - /hub/index.php at Sunday 12th of March, 2017, 01:31:30 PM
ERROR: SQLSTATE[HY000] [1040] Too many connections - /hub/index.php at Sunday 12th of March, 2017, 01:31:38 PM
ERROR: SQLSTATE[HY000] [1040] Too many connections - /hub/index.php at Sunday 12th of March, 2017, 01:31:47 PM
ERROR: SQLSTATE[HY000] [1040] Too many connections - /hub/index.php at Sunday 12th of March, 2017, 01:31:58 PM
ERROR: SQLSTATE[HY000] [1040] Too many connections - /hub/stress.php at Sunday 12th of March, 2017, 01:32:14 PM
ERROR: SQLSTATE[HY000] [1040] Too many connections - /hub/index.php at Sunday 12th of March, 2017, 01:33:09 PM
ERROR: SQLSTATE[HY000] [1040] Too many connections - /hub/vipstress.php at Sunday 12th of March, 2017, 01:33:19 PM
ERROR: SQLSTATE[HY000] [1040] Too many connections - /hub/index.php at Sunday 12th of March, 2017, 01:33:19 PM
ERROR: SQLSTATE[HY000] [1040] Too many connections - /hub/index.php at Sunday 12th of March, 2017, 01:33:49 PM
ERROR: SQLSTATE[HY000] [1040] Too many connections - /hub/vipstress.php at Sunday 12th of March, 2017, 01:35:15 PM
ERROR: SQLSTATE[HY000] [1040] Too many connections - /hub/login.php at Sunday 12th of March, 2017, 01:39:01 PM
ERROR: SQLSTATE[HY000] [1040] Too many connections - /hub/index.php at Sunday 12th of March, 2017, 01:39:02 PM
ERROR: SQLSTATE[HY000] [1040] Too many connections - /hub/stress.php at Sunday 12th of March, 2017, 01:42:36 PM
ERROR: SQLSTATE[HY000] [1040] Too many connections - /hub/stress.php at Sunday 12th of March, 2017, 01:42:39 PM
ERROR: SQLSTATE[HY000] [1040] Too many connections - /hub/login.php at Sunday 12th of March, 2017, 01:50:02 PM
ERROR: SQLSTATE[HY000] [1040] Too many connections - /hub/index.php at Sunday 12th of March, 2017, 01:52:57 PM
ERROR: SQLSTATE[HY000] [2002] Can't connect to local MySQL server through socket '/var/lib/mysql/mysql.sock' (2) - /hub/stress.php at Sunday 12th of March, 2017, 01:56:27 PM
ERROR: SQLSTATE[HY000] [2002] Can't connect to local MySQL server through socket '/var/lib/mysql/mysql.sock' (2) - /hub/stress.php at Sunday 12th of March, 2017, 01:56:29 PM
ERROR: SQLSTATE[HY000] [2002] Can't connect to local MySQL server through socket '/var/lib/mysql/mysql.sock' (2) - /hub/stress.php at Sunday 12th of March, 2017, 01:56:31 PM
ERROR: SQLSTATE[HY000] [2002] Can't connect to local MySQL server through socket '/var/lib/mysql/mysql.sock' (2) - /hub/index.php at Sunday 12th of March, 2017, 01:56:34 PM
ERROR: SQLSTATE[HY000] [1040] Too many connections - /hub/index.php at Sunday 12th of March, 2017, 03:37:49 PM
ERROR: SQLSTATE[HY000] [1040] Too many connections - /hub/index.php at Sunday 12th of March, 2017, 03:38:39 PM
ERROR: SQLSTATE[HY000] [1040] Too many connections - /hub/skyperesolver.php at Sunday 12th of March, 2017, 03:39:00 PM
ERROR: SQLSTATE[HY000] [1040] Too many connections - /hub/index.php at Sunday 12th of March, 2017, 03:39:23 PM
ERROR: SQLSTATE[HY000] [1040] Too many connections - /hub/index.php at Sunday 12th of March, 2017, 03:39:26 PM
ERROR: SQLSTATE[HY000] [1040] Too many connections - /hub/index.php at Sunday 12th of March, 2017, 03:44:12 PM
ERROR: SQLSTATE[HY000] [1040] Too many connections - /hub/index.php at Sunday 12th of March, 2017, 03:44:22 PM
ERROR: SQLSTATE[HY000] [1040] Too many connections - /hub/index.php at Sunday 12th of March, 2017, 03:44:36 PM
ERROR: SQLSTATE[HY000] [1040] Too many connections - /hub/index.php at Sunday 12th of March, 2017, 03:46:51 PM
ERROR: SQLSTATE[HY000] [1040] Too many connections - /hub/index.php at Sunday 12th of March, 2017, 03:47:21 PM
ERROR: SQLSTATE[HY000] [1040] Too many connections - /hub/index.php at Sunday 12th of March, 2017, 03:50:21 PM
ERROR: SQLSTATE[HY000] [1040] Too many connections - /hub/index.php at Sunday 12th of March, 2017, 03:51:40 PM
ERROR: SQLSTATE[HY000] [1040] Too many connections - /hub/login.php at Sunday 12th of March, 2017, 03:52:02 PM
ERROR: SQLSTATE[HY000] [1040] Too many connections - /hub/index.php at Sunday 12th of March, 2017, 03:52:12 PM
ERROR: SQLSTATE[HY000] [1040] Too many connections - /hub/index.php at Sunday 12th of March, 2017, 03:54:15 PM
ERROR: SQLSTATE[HY000] [1040] Too many connections - /hub/login.php at Sunday 12th of March, 2017, 03:55:11 PM
ERROR: SQLSTATE[HY000] [1040] Too many connections - /hub/index.php at Sunday 12th of March, 2017, 03:55:17 PM
ERROR: SQLSTATE[HY000] [1040] Too many connections - /hub/index.php at Sunday 12th of March, 2017, 03:55:49 PM
ERROR: SQLSTATE[HY000] [1040] Too many connections - /hub/login.php at Sunday 12th of March, 2017, 03:55:49 PM
ERROR: SQLSTATE[HY000] [1040] Too many connections - /hub/index.php at Sunday 12th of March, 2017, 03:56:13 PM
ERROR: SQLSTATE[HY000] [1040] Too many connections - /hub/index.php at Sunday 12th of March, 2017, 03:56:13 PM
ERROR: SQLSTATE[HY000] [1040] Too many connections - /hub/ at Sunday 12th of March, 2017, 03:56:33 PM
ERROR: SQLSTATE[HY000] [1040] Too many connections - /hub/index.php at Sunday 12th of March, 2017, 03:56:57 PM
ERROR: SQLSTATE[HY000] [1040] Too many connections - /hub/index.php at Sunday 12th of March, 2017, 03:57:32 PM
ERROR: SQLSTATE[HY000] [1040] Too many connections - /hub/login.php at Sunday 12th of March, 2017, 03:57:47 PM
ERROR: SQLSTATE[HY000] [1040] Too many connections - /hub/index.php at Sunday 12th of March, 2017, 03:57:54 PM
ERROR: SQLSTATE[HY000] [1040] Too many connections - /hub/index.php at Sunday 12th of March, 2017, 03:57:54 PM
ERROR: SQLSTATE[HY000] [1040] Too many connections - /hub/tos_hub.php at Sunday 12th of March, 2017, 03:59:22 PM
ERROR: SQLSTATE[HY000] [1040] Too many connections - /hub/index.php at Sunday 12th of March, 2017, 03:59:22 PM
ERROR: SQLSTATE[HY000] [1040] Too many connections - /hub/index.php at Sunday 12th of March, 2017, 03:59:32 PM
ERROR: SQLSTATE[HY000] [1040] Too many connections - /hub/index.php at Sunday 12th of March, 2017, 04:00:00 PM
ERROR: SQLSTATE[HY000] [1040] Too many connections - /hub/index.php at Sunday 12th of March, 2017, 04:02:09 PM
ERROR: SQLSTATE[HY000] [1040] Too many connections - /hub/index.php at Sunday 12th of March, 2017, 04:02:22 PM
ERROR: SQLSTATE[HY000] [1040] Too many connections - /hub/index.php at Sunday 12th of March, 2017, 04:02:52 PM
ERROR: SQLSTATE[HY000] [1040] Too many connections - /hub/login.php at Sunday 12th of March, 2017, 04:03:02 PM
ERROR: SQLSTATE[HY000] [1040] Too many connections - /hub/index.php at Sunday 12th of March, 2017, 04:03:07 PM
ERROR: SQLSTATE[HY000] [1040] Too many connections - /hub/stress.php at Sunday 12th of March, 2017, 04:06:52 PM
ERROR: SQLSTATE[HY000] [1040] Too many connections - /hub/index.php at Sunday 12th of March, 2017, 04:11:47 PM
ERROR: SQLSTATE[HY000] [1040] Too many connections - /hub/index.php at Sunday 12th of March, 2017, 04:11:48 PM
ERROR: SQLSTATE[HY000] [1040] Too many connections - /hub/login.php at Sunday 12th of March, 2017, 04:13:28 PM
ERROR: SQLSTATE[HY000] [1040] Too many connections - /hub/index.php at Sunday 12th of March, 2017, 04:13:54 PM
ERROR: SQLSTATE[HY000] [1040] Too many connections - /hub/index.php at Sunday 12th of March, 2017, 04:41:24 PM
ERROR: SQLSTATE[HY000] [1040] Too many connections - /hub/index.php at Sunday 12th of March, 2017, 04:41:24 PM
ERROR: SQLSTATE[HY000] [1040] Too many connections - /hub/index.php at Sunday 12th of March, 2017, 04:41:24 PM
ERROR: SQLSTATE[HY000] [1040] Too many connections - /hub/index.php at Sunday 12th of March, 2017, 04:41:32 PM
ERROR: SQLSTATE[HY000] [1040] Too many connections - /hub/index.php at Sunday 12th of March, 2017, 04:41:33 PM
ERROR: SQLSTATE[HY000] [1040] Too many connections - /hub/index.php at Sunday 12th of March, 2017, 04:41:37 PM
ERROR: SQLSTATE[HY000] [1040] Too many connections - /hub/index.php at Sunday 12th of March, 2017, 04:41:37 PM
ERROR: SQLSTATE[HY000] [1040] Too many connections - /hub/index.php at Sunday 12th of March, 2017, 04:53:44 PM
ERROR: SQLSTATE[HY000] [1040] Too many connections - /hub/index.php at Sunday 12th of March, 2017, 04:55:03 PM
ERROR: SQLSTATE[HY000] [1040] Too many connections - /hub/index.php at Sunday 12th of March, 2017, 04:56:24 PM
ERROR: SQLSTATE[HY000] [1040] Too many connections - /hub/index.php at Sunday 12th of March, 2017, 04:56:59 PM
ERROR: SQLSTATE[HY000] [1040] Too many connections - /hub/index.php at Sunday 12th of March, 2017, 04:58:03 PM
ERROR: SQLSTATE[HY000] [1040] Too many connections - /hub/index.php at Sunday 12th of March, 2017, 04:58:34 PM
ERROR: SQLSTATE[HY000] [1040] Too many connections - /hub/index.php at Sunday 12th of March, 2017, 04:58:38 PM
ERROR: SQLSTATE[HY000] [1040] Too many connections - /hub/ at Sunday 12th of March, 2017, 04:58:58 PM
ERROR: SQLSTATE[HY000] [1040] Too many connections - /hub/ at Sunday 12th of March, 2017, 04:59:04 PM
ERROR: SQLSTATE[HY000] [1040] Too many connections - /hub/stress.php at Sunday 12th of March, 2017, 05:01:26 PM
ERROR: SQLSTATE[HY000] [1040] Too many connections - /hub/index.php at Sunday 12th of March, 2017, 05:01:58 PM
ERROR: SQLSTATE[HY000] [1040] Too many connections - /hub/stress_simple.php at Sunday 12th of March, 2017, 05:02:03 PM
ERROR: SQLSTATE[HY000] [1040] Too many connections - /hub/stress.php at Sunday 12th of March, 2017, 05:02:18 PM
ERROR: SQLSTATE[HY000] [1040] Too many connections - /hub/stress.php at Sunday 12th of March, 2017, 05:02:23 PM
ERROR: SQLSTATE[HY000] [1040] Too many connections - /hub/stress.php at Sunday 12th of March, 2017, 05:03:42 PM
ERROR: SQLSTATE[HY000] [1040] Too many connections - /hub/index.php at Sunday 12th of March, 2017, 05:04:03 PM
ERROR: SQLSTATE[HY000] [1040] Too many connections - /hub/index.php at Sunday 12th of March, 2017, 05:06:29 PM
ERROR: SQLSTATE[HY000] [1040] Too many connections - /hub/login.php at Sunday 12th of March, 2017, 05:06:44 PM
ERROR: SQLSTATE[HY000] [2002] Can't connect to local MySQL server through socket '/var/lib/mysql/mysql.sock' (2) - /hub/ at Sunday 12th of March, 2017, 05:08:56 PM
ERROR: SQLSTATE[HY000] [2002] Can't connect to local MySQL server through socket '/var/lib/mysql/mysql.sock' (2) - /hub/stress.php at Sunday 12th of March, 2017, 05:09:01 PM
ERROR: SQLSTATE[HY000] [2002] Can't connect to local MySQL server through socket '/var/lib/mysql/mysql.sock' (2) - /hub/stress.php at Sunday 12th of March, 2017, 05:09:05 PM
ERROR: SQLSTATE[HY000] [2002] Can't connect to local MySQL server through socket '/var/lib/mysql/mysql.sock' (2) - /hub/ at Sunday 12th of March, 2017, 05:09:07 PM
ERROR: SQLSTATE[HY000] [2002] Can't connect to local MySQL server through socket '/var/lib/mysql/mysql.sock' (2) - /hub/stress.php at Sunday 12th of March, 2017, 05:09:07 PM
