Array
(
    [GLOBALS] => Array
 *RECURSION*
    [HTTP_RAW_POST_DATA] => {"order":{"id":null,"created_at":null,"status":"completed","event":null,"total_btc":{"cents":100000000.0,"currency_iso":"BTC"},"total_native":{"cents":23606.0,"currency_iso":"USD"},"total_payout":{"cents":23606.0,"currency_iso":"USD"},"custom":"123456789","receive_address":"1PPnN21mSr4NHDcfvFDzCskYL5WENUYMiC","button":{"type":"buy_now","subscription":false,"repeat":null,"name":"Test Item","description":null,"id":null},"transaction":{"id":"54cae7977b67d1bd13000064","hash":"4a5e1e4baab89f3a32518a88c31bc87f618f76673e2cc77ab2127b7afdeda33b","confirmations":0}}}
    [_POST] => Array
        (
        )

    [_GET] => Array
        (
        )

    [_COOKIE] => Array
        (
        )

    [_FILES] => Array
        (
        )

    [_SERVER] => Array
        (
            [HTTP_HOST] => linux-solution.net
            [HTTP_CONNECTION] => Keep-Alive
            [HTTP_ACCEPT_ENCODING] => gzip
            [HTTP_CF_IPCOUNTRY] => US
            [HTTP_X_FORWARDED_FOR] => 54.243.226.26
            [HTTP_CF_RAY] => 1b0a1f1469490f1b-IAD
            [CONTENT_LENGTH] => 563
            [HTTP_X_FORWARDED_PROTO] => http
            [HTTP_CF_VISITOR] => {"scheme":"http"}
            [HTTP_USER_AGENT] => Faraday v0.9.1
            [HTTP_X_SIGNATURE] => 0IFZUsgFX5NR07NFSxPW16B5ar0pjWXBIlUHgaotEkI/T7kdgti90LM6ulcQJqnKTfTAYyIIDh/eMh2g8Afan7Vd+Lk5BMY7gTdhQws6OB+RlAcSJBh5UYVUoirLUf6AmShsY9jdi1qUq2e5QHxVdi+oPfqPar6oAgqgtJV8OZ4kWNNYLss1S1x7GUCTqMerwZ/80wXQAvoMgJV94c2g4yVEfoJr1qv2UUWlSCH+0P9/pwqP1qJxvSSNpOvcANFgHr4J9h7CAhDq4bI6a5OlOYaEeouZPgtVrqIcm8g2DF9HZOZZ57yQ6WOKvY7qdL85oEU8lSHPeb1QnmLs42E2v+khloWJJ/V5D601QUaE77jRsSYlryvvwWYu2xAfZ8+UZaRBX+tu5ONgmXjFMSRstwmwWxhtPafxKdOTJl7QBMpce3+7sodo6r6GwzW8MxcgKpOjERtbDrAEA9IpO/HZQr80C2nPaYXcL1tQOAyeLW57pgoZQjsbgdFUuds/P9j42XqsIgeQ+9z50Z0PqsqSBvy4bzyFztqCziHM212Osl0CRVxnDfVWwQx0iVnpF81XKDWW/7FvLs3q5ofXIq3Q3ZsnqKPxsuyq1GIirC7Sl1JyX6Pn9w4zHnjMaMKX0CP6uFhugaVjWOHXvdEMy7ylQYgOMt5dsqJ0Zsrfs8CyYgE=
            [CONTENT_TYPE] => application/json
            [HTTP_ACCEPT] => */*
            [HTTP_X_NEWRELIC_ID] => UwQPWF9AAAUDV1hb
            [HTTP_X_NEWRELIC_TRANSACTION] => PxRRA1cFW1FSAlMBAVQEVVUAFB8EBw8RVU4aBFoJUlFRB19TUldWUVcHBkNKQV4ECFRUWlYDFTs=
            [HTTP_CF_CONNECTING_IP] => 54.243.226.26
            [HTTP_SET_SSL_CLIENT_CERT] => 0
            [HTTP_TRUE_CLIENT_IP] => 0
            [PATH] => /sbin:/usr/sbin:/bin:/usr/bin
            [SERVER_SIGNATURE] => <address>Apache/2.2.15 (CentOS) Server at linux-solution.net Port 80</address>

            [SERVER_SOFTWARE] => Apache/2.2.15 (CentOS)
            [SERVER_NAME] => linux-solution.net
            [SERVER_ADDR] => 167.114.57.170
            [SERVER_PORT] => 80
            [REMOTE_ADDR] => 54.243.226.26
            [DOCUMENT_ROOT] => /home/linux-solution.net
            [SERVER_ADMIN] => toronto@unixchosting.com
            [SCRIPT_FILENAME] => /home/linux-solution.net/gateway/bitcoin_ipn.php
            [REMOTE_PORT] => 40526
            [GATEWAY_INTERFACE] => CGI/1.1
            [SERVER_PROTOCOL] => HTTP/1.1
            [REQUEST_METHOD] => POST
            [QUERY_STRING] => 
            [REQUEST_URI] => /gateway/bitcoin_ipn.php
            [SCRIPT_NAME] => /gateway/bitcoin_ipn.php
            [PHP_SELF] => /gateway/bitcoin_ipn.php
            [REQUEST_TIME] => 1422583712
        )

    [_REQUEST] => Array
        (
        )

    [_ENV] => Array
        (
        )

    [odb] => PDO Object
        (
        )

    [_SESSION] => Array
        (
        )

    [user] => user Object
        (
        )

    [stats] => stats Object
        (
        )

    [url] => http://linux-solution.net
    [bootername] => Linux Solutions | 
    [maxBootSlots] => 25
    [maxBootCooldown] => 10
    [recaptcha] => Array
        (
            [siteKey] => 6LdI9AATAAAAAPylZx00EVXjGsx8A06UNvKXgUE-
            [secret] => 6LdI9AATAAAAAMF8zpL094OcY0z1XHLy5cD91tbb
        )

    [coinbase] => Array
        (
            [api] => qjKidmHkCMhTrzAP
            [secret] => sV9wzBV9B5NCmYFyBRbDdSHPnNrVhop8
        )

    [stripe] => Array
        (
            [mode] => live
            [test] => Array
                (
                    [secret] => sk_test_goovPhiBPw87g3In4kpf28Dq
                    [public] => pk_test_AxP4uYTR4VKJHqNiW6adNaGj
                )

            [live] => Array
                (
                    [secret] => sk_live_KOcssEV7iKzPXBT0tJErOB7F
                    [public] => pk_live_l3Ps7SSonUd0lK8lvx0DtrPy
                )

        )

    [secret] => bd1ff4a216ALAU65MXpNRM1wG3aaa34ce#SWAG0b
    [useRotations] => 1
    [booterTypes] => Array
        (
            [0] => layer4
        )

    [failure] => 1
    [fh] => Resource id #5
)

Array
(
    [order] => Array
        (
            [id] => 
            [created_at] => 
            [status] => completed
            [event] => 
            [total_btc] => Array
                (
                    [cents] => 100000000
                    [currency_iso] => BTC
                )

            [total_native] => Array
                (
                    [cents] => 23606
                    [currency_iso] => USD
                )

            [total_payout] => Array
                (
                    [cents] => 23606
                    [currency_iso] => USD
                )

            [custom] => 123456789
            [receive_address] => 1PPnN21mSr4NHDcfvFDzCskYL5WENUYMiC
            [button] => Array
                (
                    [type] => buy_now
                    [subscription] => 
                    [repeat] => 
                    [name] => Test Item
                    [description] => 
                    [id] => 
                )

            [transaction] => Array
                (
                    [id] => 54cae7977b67d1bd13000064
                    [hash] => 4a5e1e4baab89f3a32518a88c31bc87f618f76673e2cc77ab2127b7afdeda33b
                    [confirmations] => 0
                )

        )

)
123456789[!!] KEY DOESN'T MATCH [!!]
