Array
(
    [GLOBALS] => Array
 *RECURSION*
    [HTTP_RAW_POST_DATA] => {"order":{"id":"CH7SDTWK","created_at":"2015-02-10T00:30:50-08:00","status":"completed","event":{"type":"completed"},"total_btc":{"cents":46030.0,"currency_iso":"BTC"},"total_native":{"cents":10.0,"currency_iso":"USD"},"total_payout":{"cents":0.0,"currency_iso":"USD"},"custom":"{\"description\":\"Test plan\",\"cancel_url\":\"http:\\/\\/example.org\\/cancel\",\"success_url\":\"http:\\/\\/example.org\\/success\",\"callback_url\":\"http:\\/\\/linux-solution.net\\/gateway\\/bitcoin_ipn.php\",\"key\":\"bd1ff4a216ALAU65MXpNRM1wG3aaa34ce#SWAG0b\",\"u_id\":\"555\",\"item_id\":\"18\"}","receive_address":"1MYVbpqX2E9U9S4k9uMZh7gQz7s2cAM9wX","button":{"type":"buy_now","subscription":false,"repeat":null,"name":"Test plan","description":null,"id":"7c79c974f6401c7a793e8f54297b3a9d"},"transaction":{"id":"54d9c1fcfe3b423560001e3d","hash":"ed9369f8bbd540c209c56f4a477cfeb53c37246b2d1c146ef6d494fa94942b72","confirmations":0}}}
    [_POST] => Array
        (
        )

    [_GET] => Array
        (
        )

    [_COOKIE] => Array
        (
        )

    [_FILES] => Array
        (
        )

    [_SERVER] => Array
        (
            [HTTP_HOST] => linux-solution.net
            [HTTP_CONNECTION] => Keep-Alive
            [HTTP_ACCEPT_ENCODING] => gzip
            [HTTP_CF_IPCOUNTRY] => US
            [HTTP_X_FORWARDED_FOR] => 54.243.226.26
            [HTTP_CF_RAY] => 1b66f40c93fa020d-IAD
            [CONTENT_LENGTH] => 921
            [HTTP_X_FORWARDED_PROTO] => http
            [HTTP_CF_VISITOR] => {"scheme":"http"}
            [HTTP_USER_AGENT] => Faraday v0.9.1
            [HTTP_X_SIGNATURE] => eWV/VexZEXY4H2Bp/iVozrPN5/TsNntALDe4j1p6naBmbusq1phy+Um/qKdBZlm1w+FdRAL/N6S2BDnnIY5T4RBCuQV7njZYRvwpf+gNFgTPgod1VC719JWXhHQOMSRg0EYTgx73yH+RbgIQumrJEJvOwIVfNMGVQtpA8Qex4opQ58lxT2u9+Jy86xJ1fOAkxzttV4KRizcS+BMg5fwWoT+VAgy6TjBVN96x/Dak7C0oR+7es3xrs3AJof4cT/fJtSmobOkJa9Eyitqu3iub8ff2X1jXaoEK0v0ztqRunuesIfcurSHpTiGgEImmQS3MPXZ7Y0Z0Xz8FvhdMu0UdwJrGh9e2EcAePHqWU5ki0bm52+7zIovZmTRy5RaUokxb2YmYsBOHjmiXQjjonfJDYJy9D5ciPSTe0yyoWtesbVqZI9+fKSGWIxRGatsp2PuinUBsEzzd1VzxS+nPR7D6nAFst3ZRMez/F1R6XGwVPujUaNJGD44/+RKLJSoZGAv5X5A1aviN8NqwJlWQM0Q2qYWshyTSXvmVxTRcsH/R0LM6yZHxJedNkHMwo773b0wSlcb7ev3I0MNvcB1B3coFBmBNinFDEmvVrlIjga7Ue9D1vDVgj7bEbzXUt2iOdMJYu42YGSbSVunz98JO61DLNkwfeOXuvukluH9JLiVscVU=
            [CONTENT_TYPE] => application/json
            [HTTP_ACCEPT] => */*
            [HTTP_X_NEWRELIC_ID] => UwQPWF9AAAUDV1hb
            [HTTP_X_NEWRELIC_TRANSACTION] => PxRRBwNSAFVVV1FaBwcEVF0GFB8EBw8RVU4aBF5dBQpVAApRCVEFUVYPAENKQQEKUgJSVAMHFTs=
            [HTTP_CF_CONNECTING_IP] => 54.243.226.26
            [HTTP_TRUE_CLIENT_IP] => 0
            [PATH] => /sbin:/usr/sbin:/bin:/usr/bin
            [SERVER_SIGNATURE] => <address>Apache/2.2.15 (CentOS) Server at linux-solution.net Port 80</address>

            [SERVER_SOFTWARE] => Apache/2.2.15 (CentOS)
            [SERVER_NAME] => linux-solution.net
            [SERVER_ADDR] => 167.114.57.170
            [SERVER_PORT] => 80
            [REMOTE_ADDR] => 54.243.226.26
            [DOCUMENT_ROOT] => /home/linux-solution.net
            [SERVER_ADMIN] => toronto@unixchosting.com
            [SCRIPT_FILENAME] => /home/linux-solution.net/gateway/bitcoin_ipn.php
            [REMOTE_PORT] => 33193
            [GATEWAY_INTERFACE] => CGI/1.1
            [SERVER_PROTOCOL] => HTTP/1.1
            [REQUEST_METHOD] => POST
            [QUERY_STRING] => 
            [REQUEST_URI] => /gateway/bitcoin_ipn.php
            [SCRIPT_NAME] => /gateway/bitcoin_ipn.php
            [PHP_SELF] => /gateway/bitcoin_ipn.php
            [REQUEST_TIME] => 1423557117
        )

    [_REQUEST] => Array
        (
        )

    [_ENV] => Array
        (
        )

    [odb] => PDO Object
        (
        )

    [_SESSION] => Array
        (
        )

    [user] => user Object
        (
        )

    [stats] => stats Object
        (
        )

    [url] => http://linux-solution.net
    [bootername] => Linux Solutions | 
    [maxBootSlots] => 25
    [maxBootCooldown] => 10
    [recaptcha] => Array
        (
            [siteKey] => 6LdI9AATAAAAAPylZx00EVXjGsx8A06UNvKXgUE-
            [secret] => 6LdI9AATAAAAAMF8zpL094OcY0z1XHLy5cD91tbb
        )

    [coinbase] => Array
        (
            [api] => qjKidmHkCMhTrzAP
            [secret] => sV9wzBV9B5NCmYFyBRbDdSHPnNrVhop8
        )

    [stripe] => Array
        (
            [mode] => live
            [test] => Array
                (
                    [secret] => sk_test_goovPhiBPw87g3In4kpf28Dq
                    [public] => pk_test_AxP4uYTR4VKJHqNiW6adNaGj
                )

            [live] => Array
                (
                    [secret] => sk_live_KOcssEV7iKzPXBT0tJErOB7F
                    [public] => pk_live_l3Ps7SSonUd0lK8lvx0DtrPy
                )

        )

    [secret] => bd1ff4a216ALAU65MXpNRM1wG3aaa34ce#SWAG0b
    [useRotations] => 1
    [booterTypes] => Array
        (
            [0] => layer4
        )

    [failure] => 1
    [fh] => Resource id #4
)

Array
(
    [order] => Array
        (
            [id] => CH7SDTWK
            [created_at] => 2015-02-10T00:30:50-08:00
            [status] => completed
            [event] => Array
                (
                    [type] => completed
                )

            [total_btc] => Array
                (
                    [cents] => 46030
                    [currency_iso] => BTC
                )

            [total_native] => Array
                (
                    [cents] => 10
                    [currency_iso] => USD
                )

            [total_payout] => Array
                (
                    [cents] => 0
                    [currency_iso] => USD
                )

            [custom] => {"description":"Test plan","cancel_url":"http:\/\/example.org\/cancel","success_url":"http:\/\/example.org\/success","callback_url":"http:\/\/linux-solution.net\/gateway\/bitcoin_ipn.php","key":"bd1ff4a216ALAU65MXpNRM1wG3aaa34ce#SWAG0b","u_id":"555","item_id":"18"}
            [receive_address] => 1MYVbpqX2E9U9S4k9uMZh7gQz7s2cAM9wX
            [button] => Array
                (
                    [type] => buy_now
                    [subscription] => 
                    [repeat] => 
                    [name] => Test plan
                    [description] => 
                    [id] => 7c79c974f6401c7a793e8f54297b3a9d
                )

            [transaction] => Array
                (
                    [id] => 54d9c1fcfe3b423560001e3d
                    [hash] => ed9369f8bbd540c209c56f4a477cfeb53c37246b2d1c146ef6d494fa94942b72
                    [confirmations] => 0
                )

        )

)
Array
(
    [description] => Test plan
    [cancel_url] => http://example.org/cancel
    [success_url] => http://example.org/success
    [callback_url] => http://linux-solution.net/gateway/bitcoin_ipn.php
    [key] => bd1ff4a216ALAU65MXpNRM1wG3aaa34ce#SWAG0b
    [u_id] => 555
    [item_id] => 18
)
[!!] Using plan #18
[!!] Plan info: Array
(
    [ID] => 18
    [name] => Test plan
    [description] => Test plan
    [mbt] => 99999
    [max_boots] => 9
    [unit] => Days
    [length] => 15
    [price] => 0.1
    [allowed_methods] => SUDP,CHARGEN,NTP,SSDP,SSYN,ESSYN,TCP,VSE,ARME,RUDY,GET,HEAD,POST,JOOMLA
)

[!!] Creating transaction row
[!!] Transaction should have been stored as ID:259
[!!] Attempting to update user ID: 555
[*] Account should have been updated!
