2021-08-29 05:05:32 root | cls

2021-08-29 05:05:34 root | help

2021-08-29 05:05:38 root | ongoing

2021-08-29 05:05:44 root | users

2021-08-29 05:05:46 root | sessions

2021-08-29 05:07:00 root | cls

2021-08-29 05:09:08 root | reload

2021-08-29 05:09:09 root | cls

2021-08-29 05:12:23 root | reload

2021-08-29 05:12:24 root | cls

2021-08-29 05:13:18 root | reload

2021-08-29 05:13:19 root | cls

2021-08-29 05:13:44 root | cls

2021-08-29 05:13:46 root | reload

2021-08-29 05:13:47 root | cls

2021-08-29 05:16:20 root | users add

2021-08-29 05:16:25 root | 

2021-08-29 05:16:27 root | 

2021-08-29 05:16:46 root | cls

2021-08-29 05:17:20 root | cls

