Array
(
    [GLOBALS] => Array
 *RECURSION*
    [HTTP_RAW_POST_DATA] => {"order":{"id":"C66RPF16","created_at":"2015-01-31T14:33:45-08:00","status":"completed","event":{"type":"completed"},"total_btc":{"cents":1772757.0,"currency_iso":"BTC"},"total_native":{"cents":399.0,"currency_iso":"USD"},"total_payout":{"cents":0.0,"currency_iso":"USD"},"custom":"{\"description\":\"sldlfd\",\"cancel_url\":\"http:\\/\\/example.org\\/cancel\",\"success_url\":\"http:\\/\\/example.org\\/success\",\"callback_url\":\"http:\\/\\/linux-solution.net\\/gateway\\/bitcoin_ipn.php\",\"key\":\"bd1ff4a216ALAU65MXpNRM1wG3aaa34ce#SWAG0b\",\"u_id\":\"333\",\"item_id\":\"10\"}","receive_address":"1H4G4LFjeC9Hqbif8UqVxieoeLhHWDsYCG","button":{"type":"buy_now","subscription":false,"repeat":null,"name":"Starter Package","description":null,"id":"f41b8aa14270820b65f0ad6b200d27a4"},"transaction":{"id":"54cd58cb5c7bd92f560057a7","hash":"adab3d750301b47a861db73e0839ab095f81ed1cfe47def6fc98babfb2ca8069","confirmations":0}}}
    [_POST] => Array
        (
        )

    [_GET] => Array
        (
        )

    [_COOKIE] => Array
        (
        )

    [_FILES] => Array
        (
        )

    [_SERVER] => Array
        (
            [HTTP_HOST] => linux-solution.net
            [HTTP_CONNECTION] => Keep-Alive
            [HTTP_ACCEPT_ENCODING] => gzip
            [HTTP_CF_IPCOUNTRY] => US
            [HTTP_X_FORWARDED_FOR] => 54.243.226.26
            [HTTP_CF_RAY] => 1b19629c8146087a-IAD
            [CONTENT_LENGTH] => 927
            [HTTP_X_FORWARDED_PROTO] => http
            [HTTP_CF_VISITOR] => {"scheme":"http"}
            [HTTP_USER_AGENT] => Faraday v0.9.1
            [HTTP_X_SIGNATURE] => 2W1lz9KCoFS3a6Y0KsAhIWaIl0cn5LIzKRxzd0CzgeqPShHoWyrnsuSzm43koLcqc47m2edb0fDZ1Q5DygAW/Lend/YGSqsx1fjTTVd4xGjcb+6RfzX0RcsZ7Kg/8cxBbh8ekM8G+ytupHys8eDS68fp51FLUO9M0+mBQPsFKsJP/MQ8U2om+LCrALI6/3E5SMpeoAz8EgGFaFz364Cjsqcg65jncG2lT68gs9qnTAl6SArKnSa4JkZTQZx/cnRbyxKymDFHoawoiISL6slsO1QXJpb4n+2ww0Klj9AORY7Igxn3B56kLfbSgCWrZbJT0kewFSMR5E/lcuoVXvIpTJq/tU4G/I1En7NCaLAdbAWgS/Qvhaip9JkDyHcrKUiPtOgD2XH3akQVajsN3Bx4koxRT3FaZ+l680/dGmwfeXnYYRQNeZYzFMVMKNs0wiWC7r78A8m+rk5q0bkb5xPfQroR7d/hFeVnuUIWY6p8mQ0lJ8GSkftKxz0hR4FZURIa0/qsL6mgFXEUcuI/0djHGnk/lNfEB50NSvv1mm4uca28hkP2mWyN6ptDwxVZMl4PMJR/hhIvVItckyUhpePMbVCrFNwOxZo7eaRoso7CEnTnq8f2V6s93e5KY4WSSQh5QxCvvVuDZIVPFEjvmaSoOzr9IyHmBfY192YxV5stA5Q=
            [CONTENT_TYPE] => application/json
            [HTTP_ACCEPT] => */*
            [HTTP_X_NEWRELIC_ID] => UwQPWF9AAAUDV1hb
            [HTTP_X_NEWRELIC_TRANSACTION] => PxRUAAMCXlJWVFhUAwRVVlUGFB8EBw8RVU4aAVldVVRSAwlYB1UGAFQHAENKQQEKUgJSVAMHFTs=
            [HTTP_CF_CONNECTING_IP] => 54.243.226.26
            [HTTP_SET_SSL_CLIENT_CERT] => 0
            [HTTP_TRUE_CLIENT_IP] => 0
            [PATH] => /sbin:/usr/sbin:/bin:/usr/bin
            [SERVER_SIGNATURE] => <address>Apache/2.2.15 (CentOS) Server at linux-solution.net Port 80</address>

            [SERVER_SOFTWARE] => Apache/2.2.15 (CentOS)
            [SERVER_NAME] => linux-solution.net
            [SERVER_ADDR] => 167.114.57.170
            [SERVER_PORT] => 80
            [REMOTE_ADDR] => 54.243.226.26
            [DOCUMENT_ROOT] => /home/linux-solution.net
            [SERVER_ADMIN] => toronto@unixchosting.com
            [SCRIPT_FILENAME] => /home/linux-solution.net/gateway/bitcoin_ipn.php
            [REMOTE_PORT] => 43890
            [GATEWAY_INTERFACE] => CGI/1.1
            [SERVER_PROTOCOL] => HTTP/1.1
            [REQUEST_METHOD] => POST
            [QUERY_STRING] => 
            [REQUEST_URI] => /gateway/bitcoin_ipn.php
            [SCRIPT_NAME] => /gateway/bitcoin_ipn.php
            [PHP_SELF] => /gateway/bitcoin_ipn.php
            [REQUEST_TIME] => 1422743768
        )

    [_REQUEST] => Array
        (
        )

    [_ENV] => Array
        (
        )

    [odb] => PDO Object
        (
        )

    [_SESSION] => Array
        (
        )

    [user] => user Object
        (
        )

    [stats] => stats Object
        (
        )

    [url] => http://linux-solution.net
    [bootername] => Linux Solutions | 
    [maxBootSlots] => 25
    [maxBootCooldown] => 10
    [recaptcha] => Array
        (
            [siteKey] => 6LdI9AATAAAAAPylZx00EVXjGsx8A06UNvKXgUE-
            [secret] => 6LdI9AATAAAAAMF8zpL094OcY0z1XHLy5cD91tbb
        )

    [coinbase] => Array
        (
            [api] => qjKidmHkCMhTrzAP
            [secret] => sV9wzBV9B5NCmYFyBRbDdSHPnNrVhop8
        )

    [stripe] => Array
        (
            [mode] => live
            [test] => Array
                (
                    [secret] => sk_test_goovPhiBPw87g3In4kpf28Dq
                    [public] => pk_test_AxP4uYTR4VKJHqNiW6adNaGj
                )

            [live] => Array
                (
                    [secret] => sk_live_KOcssEV7iKzPXBT0tJErOB7F
                    [public] => pk_live_l3Ps7SSonUd0lK8lvx0DtrPy
                )

        )

    [secret] => bd1ff4a216ALAU65MXpNRM1wG3aaa34ce#SWAG0b
    [useRotations] => 1
    [booterTypes] => Array
        (
            [0] => layer4
        )

    [failure] => 1
    [fh] => Resource id #5
)

Array
(
    [order] => Array
        (
            [id] => C66RPF16
            [created_at] => 2015-01-31T14:33:45-08:00
            [status] => completed
            [event] => Array
                (
                    [type] => completed
                )

            [total_btc] => Array
                (
                    [cents] => 1772757
                    [currency_iso] => BTC
                )

            [total_native] => Array
                (
                    [cents] => 399
                    [currency_iso] => USD
                )

            [total_payout] => Array
                (
                    [cents] => 0
                    [currency_iso] => USD
                )

            [custom] => {"description":"sldlfd","cancel_url":"http:\/\/example.org\/cancel","success_url":"http:\/\/example.org\/success","callback_url":"http:\/\/linux-solution.net\/gateway\/bitcoin_ipn.php","key":"bd1ff4a216ALAU65MXpNRM1wG3aaa34ce#SWAG0b","u_id":"333","item_id":"10"}
            [receive_address] => 1H4G4LFjeC9Hqbif8UqVxieoeLhHWDsYCG
            [button] => Array
                (
                    [type] => buy_now
                    [subscription] => 
                    [repeat] => 
                    [name] => Starter Package
                    [description] => 
                    [id] => f41b8aa14270820b65f0ad6b200d27a4
                )

            [transaction] => Array
                (
                    [id] => 54cd58cb5c7bd92f560057a7
                    [hash] => adab3d750301b47a861db73e0839ab095f81ed1cfe47def6fc98babfb2ca8069
                    [confirmations] => 0
                )

        )

)
Array
(
    [description] => sldlfd
    [cancel_url] => http://example.org/cancel
    [success_url] => http://example.org/success
    [callback_url] => http://linux-solution.net/gateway/bitcoin_ipn.php
    [key] => bd1ff4a216ALAU65MXpNRM1wG3aaa34ce#SWAG0b
    [u_id] => 333
    [item_id] => 10
)
[!!] Using plan #10
[!!] Plan info: Array
(
    [ID] => 10
    [name] => Starter Package
    [description] => sldlfd
    [mbt] => 300
    [max_boots] => 1
    [unit] => Months
    [length] => 1
    [price] => 3.99
    [allowed_methods] => SUDP,NTP,CHARGEN,SSDP,SSYN,ESSYN,TCP,VSE,ARME,RUDY,GET,HEAD,POST,JOOMLA
)

[!!] Creating transaction row
[!!] Transaction should have been stored as ID:246
[!!] Attempting to update user ID: 333
[*] Account should have been updated!
