Array
(
    [GLOBALS] => Array
 *RECURSION*
    [HTTP_RAW_POST_DATA] => {"order":{"id":"KFERCPCW","created_at":"2015-02-07T13:24:41-08:00","status":"completed","event":{"type":"completed"},"total_btc":{"cents":1743231.0,"currency_iso":"BTC"},"total_native":{"cents":399.0,"currency_iso":"USD"},"total_payout":{"cents":0.0,"currency_iso":"USD"},"custom":"{\"description\":\"sldlfd\",\"cancel_url\":\"http:\\/\\/example.org\\/cancel\",\"success_url\":\"http:\\/\\/example.org\\/success\",\"callback_url\":\"http:\\/\\/linux-solution.net\\/gateway\\/bitcoin_ipn.php\",\"key\":\"bd1ff4a216ALAU65MXpNRM1wG3aaa34ce#SWAG0b\",\"u_id\":\"39\",\"item_id\":\"10\"}","receive_address":"1G7BEBymRfed4PqoW1yoy6eQepN4bxEg2x","button":{"type":"buy_now","subscription":false,"repeat":null,"name":"Starter Package","description":null,"id":"03e3e9a6742c2a7fc39a9c2f97a3bcdf"},"refund_address":"1JGABSG143NW3xvCKwj5h8GTD8fVtsuZjt","transaction":{"id":"54d682a8f3eef1f9580001ce","hash":null,"confirmations":0}}}
    [_POST] => Array
        (
        )

    [_GET] => Array
        (
        )

    [_COOKIE] => Array
        (
        )

    [_FILES] => Array
        (
        )

    [_SERVER] => Array
        (
            [HTTP_HOST] => linux-solution.net
            [HTTP_CONNECTION] => Keep-Alive
            [HTTP_ACCEPT_ENCODING] => gzip
            [HTTP_CF_IPCOUNTRY] => US
            [HTTP_X_FORWARDED_FOR] => 54.243.226.26
            [HTTP_CF_RAY] => 1b52a84237670f15-IAD
            [CONTENT_LENGTH] => 918
            [HTTP_X_FORWARDED_PROTO] => http
            [HTTP_CF_VISITOR] => {"scheme":"http"}
            [HTTP_USER_AGENT] => Faraday v0.9.1
            [HTTP_X_SIGNATURE] => XpQHAAUoOHGkvKblhetfHoxpJqmiVcnKQ324Ly0+R/9ILnGHikFxieImgkGO6JFItjap6cXx71Q09XN4y0AHXym7lGZMx+DLWeazbMe7lTfA5Es8e4bhj78kKyG7/NYAoIDEfHUcAmSH8YsBwCUxU0+et9aQFJjfOlDyWlxCqdRrlSVazBZ3lXmYD2+swXccvGQ7c60vuYyEJMz8VQtiLzVXdiYr5Pha+TMEEJ1+odMqQL9zMvZn3+F99j+kX4Q8ElLjJorh4vE1GI1KQN9SIFPP/oYAz+vfCbdngqYrLzOrmLtAIIao43AVApb7a//NcmZBTArANCDi8QV3FjmRsmbOkx8uJckmZCa0BTuVrLSMBK0Sm2zxz7zXXyOiDWm77ow+9r8HRt9Lnk9EfAIrYxdNCcKC58LIHajyxz+v6LQPsPzBjvGyEMlfT/O9xwyDg3hwuh+MSYrPCvbWGNy9pwiYBYMdCxDwI2KKemktoTsewVyZNQSEF563smTQdGA/ZXBoWSW9L6VKg28gZYWuWR9mzlY9HNXqsYMefvu43jLtxwiErakr0Vzf/JhYcEdlcSPJQfFwny/o2ThADt/W+22XRpQxBZdXfy+0XO+ulHidrJj0swk/5KEhjyhjzI8taULuUF1gwvT7RFBFsPv9Ju8674VpEsD8FzHUVHqmocs=
            [CONTENT_TYPE] => application/json
            [HTTP_ACCEPT] => */*
            [HTTP_X_NEWRELIC_ID] => UwQPWF9AAAUDV1hb
            [HTTP_X_NEWRELIC_TRANSACTION] => PxRTVAUBCQsEXVFRBAVUU1AFFB8EBw8RVU4aBg1bVgMLUQBRAlIHAVECA0NKQQEKUgJSVAMHFTs=
            [HTTP_CF_CONNECTING_IP] => 54.243.226.26
            [HTTP_TRUE_CLIENT_IP] => 0
            [PATH] => /sbin:/usr/sbin:/bin:/usr/bin
            [SERVER_SIGNATURE] => <address>Apache/2.2.15 (CentOS) Server at linux-solution.net Port 80</address>

            [SERVER_SOFTWARE] => Apache/2.2.15 (CentOS)
            [SERVER_NAME] => linux-solution.net
            [SERVER_ADDR] => 167.114.57.170
            [SERVER_PORT] => 80
            [REMOTE_ADDR] => 54.243.226.26
            [DOCUMENT_ROOT] => /home/linux-solution.net
            [SERVER_ADMIN] => toronto@unixchosting.com
            [SCRIPT_FILENAME] => /home/linux-solution.net/gateway/bitcoin_ipn.php
            [REMOTE_PORT] => 24952
            [GATEWAY_INTERFACE] => CGI/1.1
            [SERVER_PROTOCOL] => HTTP/1.1
            [REQUEST_METHOD] => POST
            [QUERY_STRING] => 
            [REQUEST_URI] => /gateway/bitcoin_ipn.php
            [SCRIPT_NAME] => /gateway/bitcoin_ipn.php
            [PHP_SELF] => /gateway/bitcoin_ipn.php
            [REQUEST_TIME] => 1423344300
        )

    [_REQUEST] => Array
        (
        )

    [_ENV] => Array
        (
        )

    [odb] => PDO Object
        (
        )

    [_SESSION] => Array
        (
        )

    [user] => user Object
        (
        )

    [stats] => stats Object
        (
        )

    [url] => http://linux-solution.net
    [bootername] => Linux Solutions | 
    [maxBootSlots] => 25
    [maxBootCooldown] => 10
    [recaptcha] => Array
        (
            [siteKey] => 6LdI9AATAAAAAPylZx00EVXjGsx8A06UNvKXgUE-
            [secret] => 6LdI9AATAAAAAMF8zpL094OcY0z1XHLy5cD91tbb
        )

    [coinbase] => Array
        (
            [api] => qjKidmHkCMhTrzAP
            [secret] => sV9wzBV9B5NCmYFyBRbDdSHPnNrVhop8
        )

    [stripe] => Array
        (
            [mode] => live
            [test] => Array
                (
                    [secret] => sk_test_goovPhiBPw87g3In4kpf28Dq
                    [public] => pk_test_AxP4uYTR4VKJHqNiW6adNaGj
                )

            [live] => Array
                (
                    [secret] => sk_live_KOcssEV7iKzPXBT0tJErOB7F
                    [public] => pk_live_l3Ps7SSonUd0lK8lvx0DtrPy
                )

        )

    [secret] => bd1ff4a216ALAU65MXpNRM1wG3aaa34ce#SWAG0b
    [useRotations] => 1
    [booterTypes] => Array
        (
            [0] => layer4
        )

    [failure] => 1
    [fh] => Resource id #5
)

Array
(
    [order] => Array
        (
            [id] => KFERCPCW
            [created_at] => 2015-02-07T13:24:41-08:00
            [status] => completed
            [event] => Array
                (
                    [type] => completed
                )

            [total_btc] => Array
                (
                    [cents] => 1743231
                    [currency_iso] => BTC
                )

            [total_native] => Array
                (
                    [cents] => 399
                    [currency_iso] => USD
                )

            [total_payout] => Array
                (
                    [cents] => 0
                    [currency_iso] => USD
                )

            [custom] => {"description":"sldlfd","cancel_url":"http:\/\/example.org\/cancel","success_url":"http:\/\/example.org\/success","callback_url":"http:\/\/linux-solution.net\/gateway\/bitcoin_ipn.php","key":"bd1ff4a216ALAU65MXpNRM1wG3aaa34ce#SWAG0b","u_id":"39","item_id":"10"}
            [receive_address] => 1G7BEBymRfed4PqoW1yoy6eQepN4bxEg2x
            [button] => Array
                (
                    [type] => buy_now
                    [subscription] => 
                    [repeat] => 
                    [name] => Starter Package
                    [description] => 
                    [id] => 03e3e9a6742c2a7fc39a9c2f97a3bcdf
                )

            [refund_address] => 1JGABSG143NW3xvCKwj5h8GTD8fVtsuZjt
            [transaction] => Array
                (
                    [id] => 54d682a8f3eef1f9580001ce
                    [hash] => 
                    [confirmations] => 0
                )

        )

)
Array
(
    [description] => sldlfd
    [cancel_url] => http://example.org/cancel
    [success_url] => http://example.org/success
    [callback_url] => http://linux-solution.net/gateway/bitcoin_ipn.php
    [key] => bd1ff4a216ALAU65MXpNRM1wG3aaa34ce#SWAG0b
    [u_id] => 39
    [item_id] => 10
)
[!!] Using plan #10
[!!] Plan info: Array
(
    [ID] => 10
    [name] => Starter Package
    [description] => sldlfd
    [mbt] => 300
    [max_boots] => 1
    [unit] => Months
    [length] => 1
    [price] => 3.99
    [allowed_methods] => SUDP,NTP,CHARGEN,SSDP,SSYN,ESSYN,TCP,VSE,ARME,RUDY,GET,HEAD,POST,JOOMLA
)

[!!] Creating transaction row
[!!] Transaction should have been stored as ID:257
[!!] Attempting to update user ID: 39
[*] Account should have been updated!
