Array
(
    [GLOBALS] => Array
 *RECURSION*
    [HTTP_RAW_POST_DATA] => {"order":{"id":"1T766T49","created_at":"2015-02-14T22:42:29-08:00","status":"completed","event":{"type":"completed"},"total_btc":{"cents":38640.0,"currency_iso":"BTC"},"total_native":{"cents":10.0,"currency_iso":"USD"},"total_payout":{"cents":0.0,"currency_iso":"USD"},"custom":"{\"description\":\"Test plan\",\"cancel_url\":\"http:\\/\\/example.org\\/cancel\",\"success_url\":\"http:\\/\\/example.org\\/success\",\"callback_url\":\"http:\\/\\/linux-solution.net\\/gateway\\/bitcoin_ipn.php\",\"key\":\"bd1ff4a216ALAU65MXpNRM1wG3aaa34ce#SWAG0b\",\"u_id\":\"520\",\"item_id\":\"18\"}","receive_address":"17iLs8gfaDaeDwvTEEMxZD9Pfo2EGcU6pu","button":{"type":"buy_now","subscription":false,"repeat":null,"name":"Test plan","description":null,"id":"ca917b8931dbc4417f09a42c2f7fa167"},"transaction":{"id":"54e040d22670bc991a00001a","hash":"c46bfb93c30cc8fe7b8d28ed9b38c748998352d1c3d89a190b8c247d82eac6de","confirmations":0}}}
    [_POST] => Array
        (
        )

    [_GET] => Array
        (
        )

    [_COOKIE] => Array
        (
        )

    [_FILES] => Array
        (
        )

    [_SERVER] => Array
        (
            [HTTP_HOST] => linux-solution.net
            [HTTP_CONNECTION] => Keep-Alive
            [HTTP_ACCEPT_ENCODING] => gzip
            [HTTP_CF_IPCOUNTRY] => US
            [HTTP_X_FORWARDED_FOR] => 54.243.226.26
            [HTTP_CF_RAY] => 1b8f8ce75a8c0f03-IAD
            [CONTENT_LENGTH] => 921
            [HTTP_X_FORWARDED_PROTO] => http
            [HTTP_CF_VISITOR] => {"scheme":"http"}
            [HTTP_USER_AGENT] => Coinbase Callback
            [HTTP_X_SIGNATURE] => gvHSntrcfIf1zxDMPFshG55OcDmZWQUoFgHnhUiVJJev2HdySsbeSsdQG4n/pMpfCbhtJErzJuvYldvBOsg47ZM/XVdlYsJZM1facVB+R4TyJOnlzDGmkKGzrUXWh4ygcTdS5t1/vtYM5HyqY71zOPsounOnBe11qYEOC+oWO1vL4iz3C4msJ//rwTY6cW0cdRnZEFjzX5JMENjk72ByFd68Utssyofo9ayjzmMnP6Rr3yNHorJQ/U6E1pC9TpD+mHKUybT/b9hfKkZGl7xdTn6QifZk/8lKLaWY2e+Ya81qBOyXZh3evMOdPd8A0OTPOBUQtr/L7O/Xt4Yl7OT77C6N/Ir4LHi+YGD74wUZi2kWck//Rlm8Wi29yj+Sskt/Dtu0MSi1/V1sjnAMlqc8Am5KNc2BxLyc80vy8MMWBHVNMLJikB3UKn3DwOs7+JNpLyo3pQjCjRGKn3Jf31nCxM5uG0QWivtnKUraarYEfzs0OxTlJuU0+ExU09lbUGAy+MFpaIhTErN6L8EE3q2qSvmP0TxhtZAi/BZNzrZMkGuAHADpSDfDa0HzVgKBM3CHTdJPl6Il4YqGb7VZSBoN7kLBBXTGnfzpGHkc7EXDFlunpdhll8HOE4ATzT3MjHvRxcuDJdg1r4oi+XlXz/YRY5pIzAsiK4r/x8+zJ8N8Dx0=
            [CONTENT_TYPE] => application/json
            [HTTP_ACCEPT] => */*
            [HTTP_X_NEWRELIC_ID] => UwQPWF9AAAUDV1hb
            [HTTP_X_NEWRELIC_TRANSACTION] => PxRWBVNUCwcAVgVUBggGU1wIFB8EBw8RVU4aA1wNAwEHVQsFB1AKU1EODkNKQQEKUgJSVAMHFTs=
            [HTTP_CF_CONNECTING_IP] => 54.243.226.26
            [HTTP_TRUE_CLIENT_IP] => 0
            [PATH] => /sbin:/usr/sbin:/bin:/usr/bin
            [SERVER_SIGNATURE] => <address>Apache/2.2.15 (CentOS) Server at linux-solution.net Port 80</address>

            [SERVER_SOFTWARE] => Apache/2.2.15 (CentOS)
            [SERVER_NAME] => linux-solution.net
            [SERVER_ADDR] => 167.114.57.170
            [SERVER_PORT] => 80
            [REMOTE_ADDR] => 54.243.226.26
            [DOCUMENT_ROOT] => /home/linux-solution.net
            [SERVER_ADMIN] => toronto@unixchosting.com
            [SCRIPT_FILENAME] => /home/linux-solution.net/gateway/bitcoin_ipn.php
            [REMOTE_PORT] => 50445
            [GATEWAY_INTERFACE] => CGI/1.1
            [SERVER_PROTOCOL] => HTTP/1.1
            [REQUEST_METHOD] => POST
            [QUERY_STRING] => 
            [REQUEST_URI] => /gateway/bitcoin_ipn.php
            [SCRIPT_NAME] => /gateway/bitcoin_ipn.php
            [PHP_SELF] => /gateway/bitcoin_ipn.php
            [REQUEST_TIME] => 1423982815
        )

    [_REQUEST] => Array
        (
        )

    [_ENV] => Array
        (
        )

    [odb] => PDO Object
        (
        )

    [_SESSION] => Array
        (
        )

    [user] => user Object
        (
        )

    [stats] => stats Object
        (
        )

    [url] => http://linux-solution.net
    [bootername] => Linux Solutions | 
    [maxBootSlots] => 25
    [maxBootCooldown] => 10
    [recaptcha] => Array
        (
            [siteKey] => 6LdI9AATAAAAAPylZx00EVXjGsx8A06UNvKXgUE-
            [secret] => 6LdI9AATAAAAAMF8zpL094OcY0z1XHLy5cD91tbb
        )

    [coinbase] => Array
        (
            [api] => qjKidmHkCMhTrzAP
            [secret] => sV9wzBV9B5NCmYFyBRbDdSHPnNrVhop8
        )

    [stripe] => Array
        (
            [mode] => live
            [test] => Array
                (
                    [secret] => sk_test_goovPhiBPw87g3In4kpf28Dq
                    [public] => pk_test_AxP4uYTR4VKJHqNiW6adNaGj
                )

            [live] => Array
                (
                    [secret] => sk_live_KOcssEV7iKzPXBT0tJErOB7F
                    [public] => pk_live_l3Ps7SSonUd0lK8lvx0DtrPy
                )

        )

    [secret] => bd1ff4a216ALAU65MXpNRM1wG3aaa34ce#SWAG0b
    [useRotations] => 1
    [booterTypes] => Array
        (
            [0] => layer4
        )

    [failure] => 1
    [fh] => Resource id #4
)

Array
(
    [order] => Array
        (
            [id] => 1T766T49
            [created_at] => 2015-02-14T22:42:29-08:00
            [status] => completed
            [event] => Array
                (
                    [type] => completed
                )

            [total_btc] => Array
                (
                    [cents] => 38640
                    [currency_iso] => BTC
                )

            [total_native] => Array
                (
                    [cents] => 10
                    [currency_iso] => USD
                )

            [total_payout] => Array
                (
                    [cents] => 0
                    [currency_iso] => USD
                )

            [custom] => {"description":"Test plan","cancel_url":"http:\/\/example.org\/cancel","success_url":"http:\/\/example.org\/success","callback_url":"http:\/\/linux-solution.net\/gateway\/bitcoin_ipn.php","key":"bd1ff4a216ALAU65MXpNRM1wG3aaa34ce#SWAG0b","u_id":"520","item_id":"18"}
            [receive_address] => 17iLs8gfaDaeDwvTEEMxZD9Pfo2EGcU6pu
            [button] => Array
                (
                    [type] => buy_now
                    [subscription] => 
                    [repeat] => 
                    [name] => Test plan
                    [description] => 
                    [id] => ca917b8931dbc4417f09a42c2f7fa167
                )

            [transaction] => Array
                (
                    [id] => 54e040d22670bc991a00001a
                    [hash] => c46bfb93c30cc8fe7b8d28ed9b38c748998352d1c3d89a190b8c247d82eac6de
                    [confirmations] => 0
                )

        )

)
Array
(
    [description] => Test plan
    [cancel_url] => http://example.org/cancel
    [success_url] => http://example.org/success
    [callback_url] => http://linux-solution.net/gateway/bitcoin_ipn.php
    [key] => bd1ff4a216ALAU65MXpNRM1wG3aaa34ce#SWAG0b
    [u_id] => 520
    [item_id] => 18
)
[!!] Using plan #18
[!!] Plan info: Array
(
    [ID] => 18
    [name] => Test plan
    [description] => Test plan
    [mbt] => 99999
    [max_boots] => 9
    [unit] => Days
    [length] => 15
    [price] => 0.1
    [allowed_methods] => SUDP,CHARGEN,NTP,SSDP,SSYN,ESSYN,TCP,VSE,ARME,RUDY,GET,HEAD,POST,JOOMLA
)

[!!] Creating transaction row
[!!] Transaction should have been stored as ID:261
[!!] Attempting to update user ID: 520
[*] Account should have been updated!
